Traceback (most recent call last):
  File "/Users/aida/PycharmProjects/ec523-project/ec523-project/venv/lib/python3.9/site-packages/gymnasium/envs/box2d/bipedal_walker.py", line 15, in <module>
    import Box2D
ModuleNotFoundError: No module named 'Box2D'
The above exception was the direct cause of the following exception:
Traceback (most recent call last):
  File "/Users/aida/PycharmProjects/ec523-project/ec523-project/main.py", line 115, in <module>
    envs = gym.vector.SyncVectorEnv(
  File "/Users/aida/PycharmProjects/ec523-project/ec523-project/venv/lib/python3.9/site-packages/gymnasium/vector/sync_vector_env.py", line 53, in __init__
    self.envs = [env_fn() for env_fn in env_fns]
  File "/Users/aida/PycharmProjects/ec523-project/ec523-project/venv/lib/python3.9/site-packages/gymnasium/vector/sync_vector_env.py", line 53, in <listcomp>
    self.envs = [env_fn() for env_fn in env_fns]
  File "/Users/aida/PycharmProjects/ec523-project/ec523-project/main.py", line 77, in thunk
    env = gym.make(env_id, render_mode="rgb_array")
  File "/Users/aida/PycharmProjects/ec523-project/ec523-project/venv/lib/python3.9/site-packages/gymnasium/envs/registration.py", line 756, in make
    env_creator = load_env_creator(env_spec.entry_point)
  File "/Users/aida/PycharmProjects/ec523-project/ec523-project/venv/lib/python3.9/site-packages/gymnasium/envs/registration.py", line 545, in load_env_creator
    mod = importlib.import_module(mod_name)
  File "/usr/local/Cellar/python@3.9/3.9.7/Frameworks/Python.framework/Versions/3.9/lib/python3.9/importlib/__init__.py", line 127, in import_module
    return _bootstrap._gcd_import(name[level:], package, level)
  File "<frozen importlib._bootstrap>", line 1030, in _gcd_import
  File "<frozen importlib._bootstrap>", line 1007, in _find_and_load
  File "<frozen importlib._bootstrap>", line 972, in _find_and_load_unlocked
  File "<frozen importlib._bootstrap>", line 228, in _call_with_frames_removed
  File "<frozen importlib._bootstrap>", line 1030, in _gcd_import
  File "<frozen importlib._bootstrap>", line 1007, in _find_and_load
  File "<frozen importlib._bootstrap>", line 986, in _find_and_load_unlocked
  File "<frozen importlib._bootstrap>", line 680, in _load_unlocked
  File "<frozen importlib._bootstrap_external>", line 850, in exec_module
  File "<frozen importlib._bootstrap>", line 228, in _call_with_frames_removed
  File "/Users/aida/PycharmProjects/ec523-project/ec523-project/venv/lib/python3.9/site-packages/gymnasium/envs/box2d/__init__.py", line 1, in <module>
    from gymnasium.envs.box2d.bipedal_walker import BipedalWalker, BipedalWalkerHardcore
  File "/Users/aida/PycharmProjects/ec523-project/ec523-project/venv/lib/python3.9/site-packages/gymnasium/envs/box2d/bipedal_walker.py", line 25, in <module>
    raise DependencyNotInstalled(
gymnasium.error.DependencyNotInstalled: Box2D is not installed, run `pip install gymnasium[box2d]`